C51 COMPILER V9.60.0.0   MAIN                                                              10/03/2021 17:39:52 PAGE 1   


C51 COMPILER V9.60.0.0, COMPILATION OF MODULE MAIN
OBJECT MODULE PLACED IN .\Objects\main.obj
COMPILER INVOKED BY: C:\Keil_v5\C51\BIN\C51.EXE main.c OPTIMIZE(8,SPEED) BROWSE DEBUG OBJECTEXTEND PRINT(.\Listings\main
                    -.lst) TABS(2) OBJECT(.\Objects\main.obj)

line level    source

   1          #include "reg52.h"
   2          #include <intrins.h>
   3          
   4          #define led P2
   5          
   6          sbit led1 = P2^0;
   7          sbit led2 = P2^1;
   8          sbit led3 = P2^2;
   9          sbit led4 = P2^3;
  10          sbit led5 = P2^4;
  11          sbit led6 = P2^5;
  12          sbit led7 = P2^6;
  13          sbit led8 = P2^7;
  14          
  15          void delay(unsigned int i);
  16          
  17          void water_lamp();
  18          
  19          void led_twinkle();
  20          
  21          void water_lamp02();
  22          
  23          void main(){
  24   1        water_lamp02();
  25   1      }
  26          
  27          // 51单片机--led灯闪烁
  28          void led_twinkle(){
  29   1        led1 = 0;
  30   1        delay(50000);
  31   1        led1 = 1;
  32   1        delay(50000);
  33   1      }
  34          
  35          // 51单片机--流水灯01
  36          void water_lamp(){
  37   1        while(1){
  38   2          led1 = 0;
  39   2          led8 = 1;
  40   2          delay(50000);
  41   2          led2 = 0;
  42   2          led1 = 1;
  43   2          delay(50000);
  44   2          led3 = 0;
  45   2          led2 = 1;
  46   2          delay(50000);
  47   2          led4 = 0;
  48   2          led3 = 1;
  49   2          delay(50000);
  50   2          led5 = 0;
  51   2          led4 = 1;
  52   2          delay(50000);
  53   2          led6 = 0;
  54   2          led5 = 1;
C51 COMPILER V9.60.0.0   MAIN                                                              10/03/2021 17:39:52 PAGE 2   

  55   2          delay(50000);
  56   2          led7 = 0;
  57   2          led6 = 1;
  58   2          delay(50000);
  59   2          led8 = 0;
  60   2          led7 = 1;
  61   2          delay(50000);
  62   2        }
  63   1      }
  64          
  65          void water_lamp02(){
  66   1        unsigned char i = 0;
  67   1        led = 0xfe;
  68   1        while(1){
  69   2          for(i = 0; i <= 7; i++){
  70   3            led = _crol_(led,1);
  71   3            delay(50000);
  72   3          }
  73   2        }
  74   1      }
  75          
  76          void delay(unsigned int i){
  77   1        while(i--);
  78   1      }
  79          


MODULE INFORMATION:   STATIC OVERLAYABLE
   CODE SIZE        =    130    ----
   CONSTANT SIZE    =   ----    ----
   XDATA SIZE       =   ----    ----
   PDATA SIZE       =   ----    ----
   DATA SIZE        =   ----       1
   IDATA SIZE       =   ----    ----
   BIT SIZE         =   ----    ----
END OF MODULE INFORMATION.


C51 COMPILATION COMPLETE.  0 WARNING(S),  0 ERROR(S)
